2025-08-12 10:10:30,041 INFO API server STARTED
2025-08-12 10:10:30,042 INFO Start base migration
2025-08-12 10:10:33,886 INFO API - handle /hosts-after-timestam request, timestamp - 1754215745
2025-08-12 10:11:47,051 INFO API - handle /hosts-after-timestam request, timestamp - 1754215745
2025-08-12 11:11:18,056 INFO API server STARTED
2025-08-12 11:11:18,057 INFO Start base migration
2025-08-12 11:28:18,676 ERROR Error in handlers.py -> get_host: 'NoneType' object has no attribute 'lower'
2025-08-12 11:28:30,247 ERROR Error in handlers.py -> get_host: 'NoneType' object has no attribute 'lower'
2025-08-12 11:28:32,796 ERROR Error in handlers.py -> get_host: 'NoneType' object has no attribute 'lower'
2025-08-12 11:29:06,298 ERROR Error in handlers.py -> get_host: 'NoneType' object has no attribute 'lower'
2025-08-12 11:36:25,158 INFO API - handle /host : <function host at 0x0000029BBDDCA980>
2025-08-12 11:43:42,584 INFO API - handle /host : <function host at 0x000001EABCDBA980>
2025-08-12 11:43:42,892 ERROR Error in handlers.py -> get_host: too many values to unpack (expected 2)
2025-08-12 11:44:20,040 INFO API - handle /host : <function host at 0x000001EABCDBA980>
2025-08-12 11:44:20,152 ERROR Error in handlers.py -> get_host: too many values to unpack (expected 2)
2025-08-12 11:46:44,987 INFO API - handle /host
2025-08-12 11:46:45,285 ERROR Error in handlers.py -> get_host: too many values to unpack (expected 2)
2025-08-12 11:47:42,753 INFO API server STARTED
2025-08-12 11:47:42,755 INFO Start base migration
2025-08-12 11:47:42,970 INFO API - handle /host
2025-08-12 11:47:43,069 ERROR Error in handlers.py -> get_host: too many values to unpack (expected 2)
2025-08-12 11:48:05,397 INFO API - handle /host
2025-08-12 11:48:05,477 ERROR Error in handlers.py -> get_host: too many values to unpack (expected 2)
2025-08-12 11:48:32,868 INFO API server STARTED
2025-08-12 11:48:32,870 INFO Start base migration
2025-08-12 11:49:26,061 INFO API server STARTED
2025-08-12 11:49:26,063 INFO Start base migration
2025-08-12 11:50:37,131 INFO API server STARTED
2025-08-12 11:50:37,134 INFO Start base migration
2025-08-12 11:51:11,107 INFO API server STARTED
2025-08-12 11:51:11,108 INFO Start base migration
2025-08-12 11:52:00,099 INFO API - handle /host
2025-08-12 11:52:00,514 ERROR Error in handlers.py -> get_host: too many values to unpack (expected 2)
2025-08-12 11:52:02,219 INFO API - handle /host
2025-08-12 11:52:02,290 ERROR Error in handlers.py -> get_host: too many values to unpack (expected 2)
2025-08-12 11:52:28,273 INFO API - handle /host
2025-08-12 11:52:28,595 ERROR Error in handlers.py -> get_host: too many values to unpack (expected 2)
2025-08-12 11:53:06,183 INFO API server STARTED
2025-08-12 11:53:06,186 INFO Start base migration
2025-08-12 11:53:34,070 INFO API server STARTED
2025-08-12 11:53:34,072 INFO Start base migration
2025-08-12 11:53:45,872 INFO API - handle /host
2025-08-12 11:53:53,248 INFO API - handle /host
2025-08-12 11:54:02,349 ERROR Error in handlers.py -> get_host: too many values to unpack (expected 2)
2025-08-12 11:55:05,112 ERROR Error in handlers.py -> get_host: too many values to unpack (expected 2)
2025-08-12 11:55:19,400 INFO API - handle /host
2025-08-12 11:56:43,332 INFO API - handle /host
2025-08-12 11:56:46,631 INFO API - handle /host
2025-08-12 11:56:48,767 INFO API server STARTED
2025-08-12 11:56:48,767 INFO Start base migration
2025-08-12 11:56:50,576 INFO API - handle /host
2025-08-12 11:56:54,025 INFO API - handle /host
2025-08-12 11:56:58,484 INFO API - handle /host
2025-08-12 11:57:02,615 INFO API - handle /host
